#
# There is insufficient memory for the Java Runtime Environment to continue.
# Native memory allocation (malloc) failed to allocate 392496 bytes. Error detail: Chunk::new
# Possible reasons:
#   The system is out of physical RAM or swap space
#   This process is running with CompressedOops enabled, and the Java Heap may be blocking the growth of the native heap
# Possible solutions:
#   Reduce memory load on the system
#   Increase physical memory or swap space
#   Check if swap backing store is full
#   Decrease Java heap size (-Xmx/-Xms)
#   Decrease number of Java threads
#   Decrease Java thread stack sizes (-Xss)
#   Set larger code cache with -XX:ReservedCodeCacheSize=
#   JVM is running with Unscaled Compressed Oops mode in which the Java heap is
#     placed in the first 4GB address space. The Java Heap base address is the
#     maximum limit for the native heap growth. Please use -XX:HeapBaseMinAddress
#     to set the Java Heap base and to place the Java Heap above 4GB virtual address.
# This output file may be truncated or incomplete.
#
#  Out of Memory Error (arena.cpp:168), pid=15488, tid=23416
#
# JRE version: OpenJDK Runtime Environment Temurin-21.0.9+10 (21.0.9+10) (build 21.0.9+10-LTS)
# Java VM: OpenJDK 64-Bit Server VM Temurin-21.0.9+10 (21.0.9+10-LTS, mixed mode, sharing, tiered, compressed oops, compressed class ptrs, parallel gc, windows-amd64)
# No core dump will be written. Minidumps are not enabled by default on client versions of Windows
#

---------------  S U M M A R Y ------------

Command Line: --add-modules=ALL-SYSTEM --add-opens=java.base/java.util=ALL-UNNAMED --add-opens=java.base/java.lang=ALL-UNNAMED --add-opens=java.base/sun.nio.fs=ALL-UNNAMED -Declipse.application=org.eclipse.jdt.ls.core.id1 -Dosgi.bundles.defaultStartLevel=4 -Declipse.product=org.eclipse.jdt.ls.core.product -Djava.import.generatesMetadataFilesAtProjectRoot=false -DDetectVMInstallationsJob.disabled=true -Dfile.encoding=utf8 -XX:+UseParallelGC -XX:GCTimeRatio=4 -XX:AdaptiveSizePolicyWeight=90 -Dsun.zip.disableMemoryMapping=true -Xmx2G -Xms100m -Xlog:disable -javaagent:c:\Users\AsangBorkar\.antigravity\extensions\redhat.java-1.51.0-win32-x64\lombok\lombok-1.18.39-4050.jar -XX:+HeapDumpOnOutOfMemoryError -XX:HeapDumpPath=c:\Users\AsangBorkar\AppData\Roaming\Antigravity\User\workspaceStorage\cebdc81b27f318f7fd1a9657538b151d\redhat.java -Daether.dependencyCollector.impl=bf c:\Users\AsangBorkar\.antigravity\extensions\redhat.java-1.51.0-win32-x64\server\plugins\org.eclipse.equinox.launcher_1.7.100.v20251111-0406.jar -configuration c:\Users\AsangBorkar\AppData\Roaming\Antigravity\User\globalStorage\redhat.java\1.51.0\config_win -data c:\Users\AsangBorkar\AppData\Roaming\Antigravity\User\workspaceStorage\cebdc81b27f318f7fd1a9657538b151d\redhat.java\jdt_ws --pipe=\\.\pipe\lsp-694dee9bc0df8b960bbc0fcfa7f81b54-sock

Host: Intel(R) Core(TM) i5-10210U CPU @ 1.60GHz, 8 cores, 23G,  Windows 11 , 64 bit Build 26100 (10.0.26100.7623)
Time: Wed Jan 28 13:01:17 2026 India Standard Time elapsed time: 6.818115 seconds (0d 0h 0m 6s)

---------------  T H R E A D  ---------------

Current thread (0x0000024684a7b5f0):  JavaThread "C2 CompilerThread0" daemon [_thread_in_native, id=23416, stack(0x000000e11e600000,0x000000e11e700000) (1024K)]


Current CompileTask:
C2:6818 1374       4       jdk.internal.jimage.ImageLocation::verify (218 bytes)

Stack: [0x000000e11e600000,0x000000e11e700000]
Native frames: (J=compiled Java code, j=interpreted, Vv=VM code, C=native code)
V  [jvm.dll+0x6d6e29]
V  [jvm.dll+0x8b4b76]
V  [jvm.dll+0x8b712e]
V  [jvm.dll+0x8b7813]
V  [jvm.dll+0x283d86]
V  [jvm.dll+0xc66ed]
V  [jvm.dll+0xc6c31]
V  [jvm.dll+0x3be53b]
V  [jvm.dll+0x38ab92]
V  [jvm.dll+0x389fda]
V  [jvm.dll+0x24bfa0]
V  [jvm.dll+0x24b580]
V  [jvm.dll+0x1cb13e]
V  [jvm.dll+0x25b29d]
V  [jvm.dll+0x25982a]
V  [jvm.dll+0x3f7ea6]
V  [jvm.dll+0x85e9ad]
V  [jvm.dll+0x6d565d]
C  [ucrtbase.dll+0x37b0]
C  [KERNEL32.DLL+0x2e8d7]
C  [ntdll.dll+0x8c53c]


---------------  P R O C E S S  ---------------

Threads class SMR info:
_java_thread_list=0x00000246e2a60020, length=13, elements={
0x0000024681f98c20, 0x0000024684a60a40, 0x0000024684a63b60, 0x0000024684a64940,
0x0000024684a65740, 0x0000024684a6b2f0, 0x0000024684a70220, 0x0000024684a7b5f0,
0x0000024684a7e980, 0x00000246e220a8c0, 0x00000246e2329e30, 0x00000246e2dbd0f0,
0x00000246e2dbca20
}

Java Threads: ( => current thread )
  0x0000024681f98c20 JavaThread "main"                              [_thread_in_Java, id=22696, stack(0x000000e11dc00000,0x000000e11dd00000) (1024K)]
  0x0000024684a60a40 JavaThread "Reference Handler"          daemon [_thread_blocked, id=11700, stack(0x000000e11e000000,0x000000e11e100000) (1024K)]
  0x0000024684a63b60 JavaThread "Finalizer"                  daemon [_thread_blocked, id=27624, stack(0x000000e11e100000,0x000000e11e200000) (1024K)]
  0x0000024684a64940 JavaThread "Signal Dispatcher"          daemon [_thread_blocked, id=4932, stack(0x000000e11e200000,0x000000e11e300000) (1024K)]
  0x0000024684a65740 JavaThread "Attach Listener"            daemon [_thread_blocked, id=23220, stack(0x000000e11e300000,0x000000e11e400000) (1024K)]
  0x0000024684a6b2f0 JavaThread "Service Thread"             daemon [_thread_blocked, id=27260, stack(0x000000e11e400000,0x000000e11e500000) (1024K)]
  0x0000024684a70220 JavaThread "Monitor Deflation Thread"   daemon [_thread_blocked, id=24992, stack(0x000000e11e500000,0x000000e11e600000) (1024K)]
=>0x0000024684a7b5f0 JavaThread "C2 CompilerThread0"         daemon [_thread_in_native, id=23416, stack(0x000000e11e600000,0x000000e11e700000) (1024K)]
  0x0000024684a7e980 JavaThread "C1 CompilerThread0"         daemon [_thread_in_native, id=13056, stack(0x000000e11e700000,0x000000e11e800000) (1024K)]
  0x00000246e220a8c0 JavaThread "Common-Cleaner"             daemon [_thread_blocked, id=7176, stack(0x000000e11e800000,0x000000e11e900000) (1024K)]
  0x00000246e2329e30 JavaThread "Notification Thread"        daemon [_thread_blocked, id=24380, stack(0x000000e11e900000,0x000000e11ea00000) (1024K)]
  0x00000246e2dbd0f0 JavaThread "C2 CompilerThread1"         daemon [_thread_in_native, id=15644, stack(0x000000e11f000000,0x000000e11f100000) (1024K)]
  0x00000246e2dbca20 JavaThread "C2 CompilerThread2"         daemon [_thread_in_native, id=23668, stack(0x000000e11f100000,0x000000e11f200000) (1024K)]
Total: 13

Other Threads:
  0x0000024684b8fa90 VMThread "VM Thread"                           [id=22028, stack(0x000000e11df00000,0x000000e11e000000) (1024K)]
  0x0000024684b57e60 WatcherThread "VM Periodic Task Thread"        [id=21200, stack(0x000000e11de00000,0x000000e11df00000) (1024K)]
  0x0000024684b05df0 WorkerThread "GC Thread#0"                     [id=11012, stack(0x000000e11dd00000,0x000000e11de00000) (1024K)]
  0x00000246e28bd8a0 WorkerThread "GC Thread#1"                     [id=1584, stack(0x000000e11ea00000,0x000000e11eb00000) (1024K)]
  0x00000246e21e4420 WorkerThread "GC Thread#2"                     [id=25744, stack(0x000000e11eb00000,0x000000e11ec00000) (1024K)]
  0x00000246e21e47c0 WorkerThread "GC Thread#3"                     [id=28476, stack(0x000000e11ec00000,0x000000e11ed00000) (1024K)]
  0x00000246e2ba8330 WorkerThread "GC Thread#4"                     [id=15240, stack(0x000000e11ed00000,0x000000e11ee00000) (1024K)]
  0x00000246e2ba86d0 WorkerThread "GC Thread#5"                     [id=20040, stack(0x000000e11ee00000,0x000000e11ef00000) (1024K)]
  0x00000246e289b330 WorkerThread "GC Thread#6"                     [id=27168, stack(0x000000e11ef00000,0x000000e11f000000) (1024K)]
Total: 9

Threads with active compile tasks:
C2 CompilerThread0  6897 1374       4       jdk.internal.jimage.ImageLocation::verify (218 bytes)
C1 CompilerThread0  6897 1480       3       org.eclipse.osgi.container.ModuleDatabase$Persistence::readModule (348 bytes)
C2 CompilerThread1  6897 1476       4       java.util.HashSet::add (20 bytes)
Total: 3

VM state: not at safepoint (normal execution)

VM Mutex/Monitor currently owned by a thread: None

Heap address: 0x0000000080000000, size: 2048 MB, Compressed Oops mode: 32-bit

CDS archive(s) mapped at: [0x000002469c000000-0x000002469cba0000-0x000002469cba0000), size 12189696, SharedBaseAddress: 0x000002469c000000, ArchiveRelocationMode: 1.
Compressed class space mapped at: 0x000002469d000000-0x00000246dd000000, reserved size: 1073741824
Narrow klass base: 0x000002469c000000, Narrow klass shift: 0, Narrow klass range: 0x100000000

GC Precious Log:
 CardTable entry size: 512
 CPUs: 8 total, 8 available
 Memory: 24336M
 Large Page Support: Disabled
 NUMA Support: Disabled
 Compressed Oops: Enabled (32-bit)
 Alignments: Space 512K, Generation 512K, Heap 2M
 Heap Min Capacity: 100M
 Heap Initial Capacity: 100M
 Heap Max Capacity: 2G
 Pre-touch: Disabled
 Parallel Workers: 8

Heap:
 PSYoungGen      total 29696K, used 17505K [0x00000000d5580000, 0x00000000d7680000, 0x0000000100000000)
  eden space 25600K, 55% used [0x00000000d5580000,0x00000000d6362798,0x00000000d6e80000)
  from space 4096K, 80% used [0x00000000d6e80000,0x00000000d71b5ea8,0x00000000d7280000)
  to   space 4096K, 0% used [0x00000000d7280000,0x00000000d7280000,0x00000000d7680000)
 ParOldGen       total 68608K, used 16K [0x0000000080000000, 0x0000000084300000, 0x00000000d5580000)
  object space 68608K, 0% used [0x0000000080000000,0x0000000080004000,0x0000000084300000)
 Metaspace       used 6464K, committed 6784K, reserved 1114112K
  class space    used 657K, committed 832K, reserved 1048576K

Card table byte_map: [0x0000024684480000,0x0000024684890000] _byte_map_base: 0x0000024684080000

Marking Bits: (ParMarkBitMap*) 0x00007ff9b58e2460
 Begin Bits: [0x0000024696f90000, 0x0000024698f90000)
 End Bits:   [0x0000024698f90000, 0x000002469af90000)

Polling page: 0x00000246821b0000

Metaspace:

Usage:
  Non-class:      5.67 MB used.
      Class:    657.34 KB used.
       Both:      6.31 MB used.

Virtual space:
  Non-class space:       64.00 MB reserved,       5.81 MB (  9%) committed,  1 nodes.
      Class space:        1.00 GB reserved,     832.00 KB ( <1%) committed,  1 nodes.
             Both:        1.06 GB reserved,       6.62 MB ( <1%) committed. 

Chunk freelists:
   Non-Class:  9.73 MB
       Class:  15.05 MB
        Both:  24.78 MB

MaxMetaspaceSize: unlimited
CompressedClassSpaceSize: 1.00 GB
Initial GC threshold: 21.00 MB
Current GC threshold: 21.00 MB
CDS: on
 - commit_granule_bytes: 65536.
 - commit_granule_words: 8192.
 - virtual_space_node_default_size: 8388608.
 - enlarge_chunks_in_place: 1.
 - use_allocation_guard: 0.


Internal statistics:

num_allocs_failed_limit: 0.
num_arena_births: 190.
num_arena_deaths: 0.
num_vsnodes_births: 2.
num_vsnodes_deaths: 0.
num_space_committed: 106.
num_space_uncommitted: 0.
num_chunks_returned_to_freelist: 0.
num_chunks_taken_from_freelist: 327.
num_chunk_merges: 0.
num_chunk_splits: 212.
num_chunks_enlarged: 135.
num_inconsistent_stats: 0.

CodeHeap 'non-profiled nmethods': size=120000Kb used=648Kb max_used=648Kb free=119351Kb
 bounds [0x000002468f7b0000, 0x000002468fa20000, 0x0000024696ce0000]
CodeHeap 'profiled nmethods': size=120000Kb used=2506Kb max_used=2506Kb free=117494Kb
 bounds [0x0000024687ce0000, 0x0000024687f60000, 0x000002468f210000]
CodeHeap 'non-nmethods': size=5760Kb used=1214Kb max_used=1241Kb free=4545Kb
 bounds [0x000002468f210000, 0x000002468f480000, 0x000002468f7b0000]
CodeCache: size=245760Kb, used=4368Kb, max_used=4395Kb, free=241390Kb
 total_blobs=1947, nmethods=1473, adapters=378, full_count=0
Compilation: enabled, stopped_count=0, restarted_count=0

Compilation events (20 events):
Event: 4.802 Thread 0x0000024684a7e980 1400       3       org.lombokweb.asm.SymbolTable$Entry::<init> (20 bytes)
Event: 4.802 Thread 0x0000024684a7e980 nmethod 1400 0x0000024687f2be10 code [0x0000024687f2bfc0, 0x0000024687f2c118]
Event: 4.802 Thread 0x0000024684a7e980 1397       1       org.lombokweb.asm.SymbolTable::getSource (5 bytes)
Event: 4.802 Thread 0x00000246e2dbca20 nmethod 1399 0x000002468f847a10 code [0x000002468f847ba0, 0x000002468f847c70]
Event: 4.802 Thread 0x0000024684a7e980 nmethod 1397 0x000002468f847d10 code [0x000002468f847ea0, 0x000002468f847f68]
Event: 4.803 Thread 0x0000024684a7e980 1401       3       org.lombokweb.asm.SymbolTable::addConstantNameAndType (28 bytes)
Event: 4.803 Thread 0x0000024684a7e980 nmethod 1401 0x0000024687f2c210 code [0x0000024687f2c400, 0x0000024687f2c738]
Event: 4.803 Thread 0x0000024684a7e980 1405       3       lombok.patcher.scripts.MethodLevelPatchScript::patch (21 bytes)
Event: 4.804 Thread 0x0000024684a7e980 nmethod 1405 0x0000024687f2c990 code [0x0000024687f2cb60, 0x0000024687f2cde8]
Event: 4.804 Thread 0x0000024684a7e980 1403       3       org.lombokweb.asm.ClassReader::readInt (52 bytes)
Event: 4.804 Thread 0x00000246e2dbca20 1406   !   4       lombok.patcher.ScriptManager$OurClassFileTransformer::transform (473 bytes)
Event: 4.805 Thread 0x0000024684a7e980 nmethod 1403 0x0000024687f2cf10 code [0x0000024687f2d0c0, 0x0000024687f2d298]
Event: 4.805 Thread 0x0000024684a7e980 1402       3       org.lombokweb.asm.SymbolTable::addConstantUtf8Reference (20 bytes)
Event: 4.806 Thread 0x0000024684a7e980 nmethod 1402 0x0000024687f2d410 code [0x0000024687f2d5e0, 0x0000024687f2d8b0]
Event: 4.806 Thread 0x0000024684a7e980 1404       1       org.lombokweb.asm.MethodWriter::hasAsmInstructions (5 bytes)
Event: 4.806 Thread 0x0000024684a7e980 nmethod 1404 0x000002468f848010 code [0x000002468f8481a0, 0x000002468f848270]
Event: 4.808 Thread 0x0000024684a7e980 1407       3       java.security.Provider$ServiceKey::equals (53 bytes)
Event: 4.809 Thread 0x0000024684a7e980 nmethod 1407 0x0000024687f2da90 code [0x0000024687f2dc80, 0x0000024687f2e110]
Event: 4.809 Thread 0x0000024684a7e980 1408       3       java.util.ArrayList::addAll (76 bytes)
Event: 4.809 Thread 0x0000024684a7e980 nmethod 1408 0x0000024687f2e290 code [0x0000024687f2e480, 0x0000024687f2e910]

GC Heap History (2 events):
Event: 3.327 GC heap before
{Heap before GC invocations=1 (full 0):
 PSYoungGen      total 29696K, used 25600K [0x00000000d5580000, 0x00000000d7680000, 0x0000000100000000)
  eden space 25600K, 100% used [0x00000000d5580000,0x00000000d6e80000,0x00000000d6e80000)
  from space 4096K, 0% used [0x00000000d7280000,0x00000000d7280000,0x00000000d7680000)
  to   space 4096K, 0% used [0x00000000d6e80000,0x00000000d6e80000,0x00000000d7280000)
 ParOldGen       total 68608K, used 0K [0x0000000080000000, 0x0000000084300000, 0x00000000d5580000)
  object space 68608K, 0% used [0x0000000080000000,0x0000000080000000,0x0000000084300000)
 Metaspace       used 4321K, committed 4608K, reserved 1114112K
  class space    used 472K, committed 576K, reserved 1048576K
}
Event: 3.334 GC heap after
{Heap after GC invocations=1 (full 0):
 PSYoungGen      total 29696K, used 3287K [0x00000000d5580000, 0x00000000d7680000, 0x0000000100000000)
  eden space 25600K, 0% used [0x00000000d5580000,0x00000000d5580000,0x00000000d6e80000)
  from space 4096K, 80% used [0x00000000d6e80000,0x00000000d71b5ea8,0x00000000d7280000)
  to   space 4096K, 0% used [0x00000000d7280000,0x00000000d7280000,0x00000000d7680000)
 ParOldGen       total 68608K, used 16K [0x0000000080000000, 0x0000000084300000, 0x00000000d5580000)
  object space 68608K, 0% used [0x0000000080000000,0x0000000080004000,0x0000000084300000)
 Metaspace       used 4321K, committed 4608K, reserved 1114112K
  class space    used 472K, committed 576K, reserved 1048576K
}

Dll operation events (8 events):
Event: 0.179 Loaded shared library c:\Users\AsangBorkar\.antigravity\extensions\redhat.java-1.51.0-win32-x64\jre\21.0.9-win32-x86_64\bin\java.dll
Event: 0.300 Loaded shared library c:\Users\AsangBorkar\.antigravity\extensions\redhat.java-1.51.0-win32-x64\jre\21.0.9-win32-x86_64\bin\zip.dll
Event: 0.362 Loaded shared library C:\Users\AsangBorkar\.antigravity\extensions\redhat.java-1.51.0-win32-x64\jre\21.0.9-win32-x86_64\bin\instrument.dll
Event: 0.403 Loaded shared library C:\Users\AsangBorkar\.antigravity\extensions\redhat.java-1.51.0-win32-x64\jre\21.0.9-win32-x86_64\bin\net.dll
Event: 0.543 Loaded shared library C:\Users\AsangBorkar\.antigravity\extensions\redhat.java-1.51.0-win32-x64\jre\21.0.9-win32-x86_64\bin\nio.dll
Event: 0.602 Loaded shared library C:\Users\AsangBorkar\.antigravity\extensions\redhat.java-1.51.0-win32-x64\jre\21.0.9-win32-x86_64\bin\zip.dll
Event: 0.702 Loaded shared library C:\Users\AsangBorkar\.antigravity\extensions\redhat.java-1.51.0-win32-x64\jre\21.0.9-win32-x86_64\bin\jimage.dll
Event: 1.045 Loaded shared library c:\Users\AsangBorkar\.antigravity\extensions\redhat.java-1.51.0-win32-x64\jre\21.0.9-win32-x86_64\bin\verify.dll

Deoptimization events (20 events):
Event: 4.744 Thread 0x0000024681f98c20 DEOPT PACKING pc=0x0000024687d7f88d sp=0x000000e11dcf46e0
Event: 4.744 Thread 0x0000024681f98c20 DEOPT UNPACKING pc=0x000002468f264242 sp=0x000000e11dcf3b90 mode 0
Event: 4.745 Thread 0x0000024681f98c20 DEOPT PACKING pc=0x0000024687d7f88d sp=0x000000e11dcf46e0
Event: 4.745 Thread 0x0000024681f98c20 DEOPT UNPACKING pc=0x000002468f264242 sp=0x000000e11dcf3b90 mode 0
Event: 4.750 Thread 0x0000024681f98c20 DEOPT PACKING pc=0x0000024687d7f88d sp=0x000000e11dcf8140
Event: 4.750 Thread 0x0000024681f98c20 DEOPT UNPACKING pc=0x000002468f264242 sp=0x000000e11dcf75f0 mode 0
Event: 4.757 Thread 0x0000024681f98c20 DEOPT PACKING pc=0x0000024687d7f88d sp=0x000000e11dcf8100
Event: 4.757 Thread 0x0000024681f98c20 DEOPT UNPACKING pc=0x000002468f264242 sp=0x000000e11dcf75b0 mode 0
Event: 4.767 Thread 0x0000024681f98c20 DEOPT PACKING pc=0x0000024687d7f88d sp=0x000000e11dcf4370
Event: 4.767 Thread 0x0000024681f98c20 DEOPT UNPACKING pc=0x000002468f264242 sp=0x000000e11dcf3820 mode 0
Event: 4.772 Thread 0x0000024681f98c20 DEOPT PACKING pc=0x0000024687d7f88d sp=0x000000e11dcf7cd0
Event: 4.772 Thread 0x0000024681f98c20 DEOPT UNPACKING pc=0x000002468f264242 sp=0x000000e11dcf7180 mode 0
Event: 4.775 Thread 0x0000024681f98c20 Uncommon trap: trap_request=0xffffffc6 fr.pc=0x000002468f7ef304 relative=0x00000000000002c4
Event: 4.775 Thread 0x0000024681f98c20 Uncommon trap: reason=bimorphic_or_optimized_type_check action=maybe_recompile pc=0x000002468f7ef304 method=java.util.Collections$UnmodifiableCollection$1.next()Ljava/lang/Object; @ 4 c2
Event: 4.775 Thread 0x0000024681f98c20 DEOPT PACKING pc=0x000002468f7ef304 sp=0x000000e11dcf8880
Event: 4.775 Thread 0x0000024681f98c20 DEOPT UNPACKING pc=0x000002468f263aa2 sp=0x000000e11dcf8830 mode 2
Event: 4.775 Thread 0x0000024681f98c20 Uncommon trap: trap_request=0xffffffc6 fr.pc=0x000002468f7ef304 relative=0x00000000000002c4
Event: 4.775 Thread 0x0000024681f98c20 Uncommon trap: reason=bimorphic_or_optimized_type_check action=maybe_recompile pc=0x000002468f7ef304 method=java.util.Collections$UnmodifiableCollection$1.next()Ljava/lang/Object; @ 4 c2
Event: 4.775 Thread 0x0000024681f98c20 DEOPT PACKING pc=0x000002468f7ef304 sp=0x000000e11dcf8880
Event: 4.775 Thread 0x0000024681f98c20 DEOPT UNPACKING pc=0x000002468f263aa2 sp=0x000000e11dcf8830 mode 2

Classes loaded (20 events):
Event: 3.614 Loading class java/util/concurrent/Semaphore$NonfairSync
Event: 3.614 Loading class java/util/concurrent/Semaphore$Sync
Event: 3.614 Loading class java/util/concurrent/Semaphore$Sync done
Event: 3.614 Loading class java/util/concurrent/Semaphore$NonfairSync done
Event: 4.730 Loading class java/lang/TypeNotPresentException
Event: 4.730 Loading class java/lang/TypeNotPresentException done
Event: 4.805 Loading class java/security/InvalidKeyException
Event: 4.805 Loading class java/security/KeyException
Event: 4.805 Loading class java/security/GeneralSecurityException
Event: 4.805 Loading class java/security/GeneralSecurityException done
Event: 4.805 Loading class java/security/KeyException done
Event: 4.805 Loading class java/security/InvalidKeyException done
Event: 4.805 Loading class java/security/SignatureException
Event: 4.805 Loading class java/security/SignatureException done
Event: 4.805 Loading class java/security/cert/CertificateException
Event: 4.805 Loading class java/security/cert/CertificateException done
Event: 4.805 Loading class java/security/NoSuchAlgorithmException
Event: 4.805 Loading class java/security/NoSuchAlgorithmException done
Event: 4.805 Loading class java/security/NoSuchProviderException
Event: 4.806 Loading class java/security/NoSuchProviderException done

Classes unloaded (0 events):
No events

Classes redefined (0 events):
No events

Internal exceptions (20 events):
Event: 2.141 Thread 0x0000024681f98c20 Exception <a 'java/io/FileNotFoundException'{0x00000000d64d2610}> (0x00000000d64d2610) 
thrown [s\src\hotspot\share\prims\jni.cpp, line 520]
Event: 2.142 Thread 0x0000024681f98c20 Exception <a 'java/io/FileNotFoundException'{0x00000000d64d31c0}> (0x00000000d64d31c0) 
thrown [s\src\hotspot\share\prims\jni.cpp, line 520]
Event: 2.150 Thread 0x0000024681f98c20 Implicit null exception at 0x000002468f7e1b24 to 0x000002468f7e20f0
Event: 2.150 Thread 0x0000024681f98c20 Implicit null exception at 0x000002468f7e2da0 to 0x000002468f7e335c
Event: 2.157 Thread 0x0000024681f98c20 Exception <a 'java/io/FileNotFoundException'{0x00000000d650d3e8}> (0x00000000d650d3e8) 
thrown [s\src\hotspot\share\prims\jni.cpp, line 520]
Event: 2.213 Thread 0x0000024681f98c20 Exception <a 'java/lang/NoSuchMethodError'{0x00000000d654aa60}: 'java.lang.Object java.lang.invoke.DirectMethodHandle$Holder.invokeInterface(java.lang.Object, java.lang.Object)'> (0x00000000d654aa60) 
thrown [s\src\hotspot\share\interpreter\linkResolver.cpp, line 773]
Event: 2.220 Thread 0x0000024681f98c20 Exception <a 'java/lang/NoSuchMethodError'{0x00000000d655e520}: 'java.lang.Object java.lang.invoke.Invokers$Holder.invokeExact_MT(java.lang.Object, java.lang.Object, java.lang.Object, java.lang.Object, java.lang.Object, java.lang.Object)'> (0x00000000d655e520) 
thrown [s\src\hotspot\share\interpreter\linkResolver.cpp, line 773]
Event: 2.237 Thread 0x0000024681f98c20 Exception <a 'java/lang/NoSuchMethodError'{0x00000000d65755f8}: 'int java.lang.invoke.DirectMethodHandle$Holder.invokeStatic(java.lang.Object, java.lang.Object, java.lang.Object, java.lang.Object, java.lang.Object)'> (0x00000000d65755f8) 
thrown [s\src\hotspot\share\interpreter\linkResolver.cpp, line 773]
Event: 2.311 Thread 0x0000024681f98c20 Exception <a 'java/lang/NoSuchMethodError'{0x00000000d660b3e0}: 'java.lang.Object java.lang.invoke.DirectMethodHandle$Holder.invokeInterface(java.lang.Object, java.lang.Object, int)'> (0x00000000d660b3e0) 
thrown [s\src\hotspot\share\interpreter\linkResolver.cpp, line 773]
Event: 2.613 Thread 0x0000024681f98c20 Exception <a 'java/lang/NoSuchMethodError'{0x00000000d6a74228}: 'java.lang.ClassLoader java.lang.ClassLoader.getPlatformClassLoader(java.lang.Class)'> (0x00000000d6a74228) 
thrown [s\src\hotspot\share\interpreter\linkResolver.cpp, line 773]
Event: 3.342 Thread 0x0000024681f98c20 Exception <a 'java/lang/ClassNotFoundException'{0x00000000d5593ef0}: sun/net/www/protocol/c/Handler> (0x00000000d5593ef0) 
thrown [s\src\hotspot\share\classfile\systemDictionary.cpp, line 312]
Event: 3.344 Thread 0x0000024681f98c20 Exception <a 'java/lang/ClassNotFoundException'{0x00000000d55952c8}: sun/net/www/protocol/c/Handler> (0x00000000d55952c8) 
thrown [s\src\hotspot\share\classfile\systemDictionary.cpp, line 312]
Event: 3.344 Thread 0x0000024681f98c20 Exception <a 'java/lang/ClassNotFoundException'{0x00000000d55964d8}: sun/net/www/protocol/c/Handler> (0x00000000d55964d8) 
thrown [s\src\hotspot\share\classfile\systemDictionary.cpp, line 312]
Event: 3.363 Thread 0x0000024681f98c20 Exception <a 'java/io/FileNotFoundException'{0x00000000d55c05e8}> (0x00000000d55c05e8) 
thrown [s\src\hotspot\share\prims\jni.cpp, line 520]
Event: 3.416 Thread 0x0000024681f98c20 Implicit null exception at 0x000002468f80c0a9 to 0x000002468f80c95c
Event: 3.416 Thread 0x0000024681f98c20 Implicit null exception at 0x000002468f81099a to 0x000002468f810bb8
Event: 3.417 Thread 0x0000024681f98c20 Exception <a 'java/lang/NoSuchMethodError'{0x00000000d5731218}: 'void java.lang.invoke.DirectMethodHandle$Holder.invokeStatic(java.lang.Object, java.lang.Object, java.lang.Object, java.lang.Object)'> (0x00000000d5731218) 
thrown [s\src\hotspot\share\interpreter\linkResolver.cpp, line 773]
Event: 3.418 Thread 0x0000024681f98c20 Implicit null exception at 0x000002468f80e21a to 0x000002468f80e43c
Event: 3.419 Thread 0x0000024681f98c20 Implicit null exception at 0x000002468f80bc40 to 0x000002468f80bcc5
Event: 3.554 Thread 0x0000024681f98c20 Exception <a 'java/lang/NoSuchMethodError'{0x00000000d59deff8}: 'void java.lang.invoke.DirectMethodHandle$Holder.invokeSpecial(java.lang.Object, java.lang.Object, java.lang.Object)'> (0x00000000d59deff8) 
thrown [s\src\hotspot\share\interpreter\linkResolver.cpp, line 773]

ZGC Phase Switch (0 events):
No events

VM Operations (19 events):
Event: 0.298 Executing VM operation: HandshakeAllThreads (Deoptimize)
Event: 0.298 Executing VM operation: HandshakeAllThreads (Deoptimize) done
Event: 0.791 Executing VM operation: HandshakeAllThreads (Deoptimize)
Event: 0.791 Executing VM operation: HandshakeAllThreads (Deoptimize) done
Event: 1.805 Executing VM operation: Cleanup
Event: 1.805 Executing VM operation: Cleanup done
Event: 2.010 Executing VM operation: HandshakeAllThreads (Deoptimize)
Event: 2.010 Executing VM operation: HandshakeAllThreads (Deoptimize) done
Event: 2.040 Executing VM operation: HandshakeAllThreads (Deoptimize)
Event: 2.040 Executing VM operation: HandshakeAllThreads (Deoptimize) done
Event: 3.045 Executing VM operation: Cleanup
Event: 3.046 Executing VM operation: Cleanup done
Event: 3.299 Executing VM operation: HandshakeAllThreads (Deoptimize)
Event: 3.299 Executing VM operation: HandshakeAllThreads (Deoptimize) done
Event: 3.327 Executing VM operation: ParallelGCFailedAllocation (Allocation Failure)
Event: 3.334 Executing VM operation: ParallelGCFailedAllocation (Allocation Failure) done
Event: 4.335 Executing VM operation: Cleanup
Event: 4.335 Executing VM operation: Cleanup done
Event: 5.346 Executing VM operation: Cleanup

Memory protections (0 events):
No events

Nmethod flushes (0 events):
No events

Events (17 events):
Event: 0.208 Thread 0x0000024681f98c20 Thread added: 0x0000024681f98c20
Event: 0.250 Thread 0x0000024681f98c20 Thread added: 0x0000024684a60a40
Event: 0.250 Thread 0x0000024681f98c20 Thread added: 0x0000024684a63b60
Event: 0.250 Thread 0x0000024681f98c20 Thread added: 0x0000024684a64940
Event: 0.250 Thread 0x0000024681f98c20 Thread added: 0x0000024684a65740
Event: 0.251 Thread 0x0000024681f98c20 Thread added: 0x0000024684a6b2f0
Event: 0.251 Thread 0x0000024681f98c20 Thread added: 0x0000024684a70220
Event: 0.251 Thread 0x0000024681f98c20 Thread added: 0x0000024684a7b5f0
Event: 0.251 Thread 0x0000024681f98c20 Thread added: 0x0000024684a7e980
Event: 0.365 Thread 0x0000024681f98c20 Thread added: 0x00000246e220a8c0
Event: 1.600 Thread 0x0000024681f98c20 Thread added: 0x00000246e2329e30
Event: 1.850 Thread 0x0000024684a7e980 Thread added: 0x00000246e23168b0
Event: 1.967 Thread 0x0000024684a7e980 Thread added: 0x00000246e2317650
Event: 3.218 Thread 0x00000246e23168b0 Thread exited: 0x00000246e23168b0
Event: 3.218 Thread 0x00000246e2317650 Thread exited: 0x00000246e2317650
Event: 3.550 Thread 0x0000024684a7e980 Thread added: 0x00000246e2dbd0f0
Event: 3.643 Thread 0x0000024684a7e980 Thread added: 0x00000246e2dbca20


Dynamic libraries:
0x00007ff669520000 - 0x00007ff66952e000 	c:\Users\AsangBorkar\.antigravity\extensions\redhat.java-1.51.0-win32-x64\jre\21.0.9-win32-x86_64\bin\java.exe
0x00007ffa4dd80000 - 0x00007ffa4dfe7000 	C:\WINDOWS\SYSTEM32\ntdll.dll
0x00007ffa4da10000 - 0x00007ffa4dad9000 	C:\WINDOWS\System32\KERNEL32.DLL
0x00007ffa4b720000 - 0x00007ffa4bb0f000 	C:\WINDOWS\System32\KERNELBASE.dll
0x00007ffa4abe0000 - 0x00007ffa4ad95000 	C:\Windows\system32\hmpalert.dll
0x00007ffa4a940000 - 0x00007ffa4ab2c000 	C:\Windows\System32\SophosED\SophosED.dll
0x00007ffa4af80000 - 0x00007ffa4b0cb000 	C:\WINDOWS\System32\ucrtbase.dll
0x00007ffa38fc0000 - 0x00007ffa38fd8000 	c:\Users\AsangBorkar\.antigravity\extensions\redhat.java-1.51.0-win32-x64\jre\21.0.9-win32-x86_64\bin\jli.dll
0x00007ffa4d010000 - 0x00007ffa4d1d5000 	C:\WINDOWS\System32\USER32.dll
0x00007ffa4b2f0000 - 0x00007ffa4b317000 	C:\WINDOWS\System32\win32u.dll
0x00007ffa4bb20000 - 0x00007ffa4bb4b000 	C:\WINDOWS\System32\GDI32.dll
0x00007ffa4b320000 - 0x00007ffa4b44c000 	C:\WINDOWS\System32\gdi32full.dll
0x00007ffa4b0d0000 - 0x00007ffa4b173000 	C:\WINDOWS\System32\msvcp_win.dll
0x00007ffa36e60000 - 0x00007ffa370f3000 	C:\WINDOWS\WinSxS\amd64_microsoft.windows.common-controls_6595b64144ccf1df_6.0.26100.7309_none_3e05feeae336a044\COMCTL32.dll
0x00007ffa34c30000 - 0x00007ffa34c4e000 	c:\Users\AsangBorkar\.antigravity\extensions\redhat.java-1.51.0-win32-x64\jre\21.0.9-win32-x86_64\bin\VCRUNTIME140.dll
0x00007ffa4bb50000 - 0x00007ffa4bbf9000 	C:\WINDOWS\System32\msvcrt.dll
0x00007ffa4cef0000 - 0x00007ffa4cf21000 	C:\WINDOWS\System32\IMM32.DLL
0x00007ffa34c20000 - 0x00007ffa34c2c000 	c:\Users\AsangBorkar\.antigravity\extensions\redhat.java-1.51.0-win32-x64\jre\21.0.9-win32-x86_64\bin\vcruntime140_1.dll
0x00007ffa071c0000 - 0x00007ffa0724d000 	c:\Users\AsangBorkar\.antigravity\extensions\redhat.java-1.51.0-win32-x64\jre\21.0.9-win32-x86_64\bin\msvcp140.dll
0x00007ff9b4c20000 - 0x00007ff9b59c0000 	c:\Users\AsangBorkar\.antigravity\extensions\redhat.java-1.51.0-win32-x64\jre\21.0.9-win32-x86_64\bin\server\jvm.dll
0x00007ffa4ce30000 - 0x00007ffa4cee4000 	C:\WINDOWS\System32\ADVAPI32.dll
0x00007ffa4db20000 - 0x00007ffa4dbc6000 	C:\WINDOWS\System32\sechost.dll
0x00007ffa4c880000 - 0x00007ffa4c998000 	C:\WINDOWS\System32\RPCRT4.dll
0x00007ffa4dc40000 - 0x00007ffa4dcb4000 	C:\WINDOWS\System32\WS2_32.dll
0x00007ffa4a7d0000 - 0x00007ffa4a82e000 	C:\WINDOWS\SYSTEM32\POWRPROF.dll
0x00007ffa377a0000 - 0x00007ffa377d5000 	C:\WINDOWS\SYSTEM32\WINMM.dll
0x00007ffa44340000 - 0x00007ffa4434b000 	C:\WINDOWS\SYSTEM32\VERSION.dll
0x00007ffa4a7b0000 - 0x00007ffa4a7c4000 	C:\WINDOWS\SYSTEM32\UMPDC.dll
0x00007ffa49760000 - 0x00007ffa4977b000 	C:\WINDOWS\SYSTEM32\kernel.appcore.dll
0x00007ffa34c10000 - 0x00007ffa34c1a000 	c:\Users\AsangBorkar\.antigravity\extensions\redhat.java-1.51.0-win32-x64\jre\21.0.9-win32-x86_64\bin\jimage.dll
0x00007ffa38390000 - 0x00007ffa385d2000 	C:\WINDOWS\SYSTEM32\DBGHELP.DLL
0x00007ffa4d500000 - 0x00007ffa4d886000 	C:\WINDOWS\System32\combase.dll
0x00007ffa4cf30000 - 0x00007ffa4d006000 	C:\WINDOWS\System32\OLEAUT32.dll
0x00007ffa2c9f0000 - 0x00007ffa2ca2c000 	C:\WINDOWS\SYSTEM32\dbgcore.DLL
0x00007ffa4aed0000 - 0x00007ffa4af75000 	C:\WINDOWS\System32\bcryptPrimitives.dll
0x00007ffa34b60000 - 0x00007ffa34b6f000 	c:\Users\AsangBorkar\.antigravity\extensions\redhat.java-1.51.0-win32-x64\jre\21.0.9-win32-x86_64\bin\instrument.dll
0x00007ffa2a790000 - 0x00007ffa2a7b0000 	c:\Users\AsangBorkar\.antigravity\extensions\redhat.java-1.51.0-win32-x64\jre\21.0.9-win32-x86_64\bin\java.dll
0x00007ffa4bc80000 - 0x00007ffa4c3d3000 	C:\WINDOWS\System32\SHELL32.dll
0x00007ffa4b180000 - 0x00007ffa4b2ea000 	C:\WINDOWS\System32\wintypes.dll
0x00007ffa483b0000 - 0x00007ffa48c0e000 	C:\WINDOWS\SYSTEM32\windows.storage.dll
0x00007ffa4cb50000 - 0x00007ffa4cc45000 	C:\WINDOWS\System32\SHCORE.dll
0x00007ffa4dbd0000 - 0x00007ffa4dc36000 	C:\WINDOWS\System32\shlwapi.dll
0x00007ffa4adf0000 - 0x00007ffa4ae19000 	C:\WINDOWS\SYSTEM32\profapi.dll
0x00007ffa246c0000 - 0x00007ffa246d8000 	c:\Users\AsangBorkar\.antigravity\extensions\redhat.java-1.51.0-win32-x64\jre\21.0.9-win32-x86_64\bin\zip.dll
0x00007ffa34b50000 - 0x00007ffa34b60000 	C:\Users\AsangBorkar\.antigravity\extensions\redhat.java-1.51.0-win32-x64\jre\21.0.9-win32-x86_64\bin\net.dll
0x00007ffa49780000 - 0x00007ffa498a8000 	C:\WINDOWS\SYSTEM32\WINHTTP.dll
0x00007ffa49de0000 - 0x00007ffa49e4b000 	C:\WINDOWS\system32\mswsock.dll
0x00007ffa220f0000 - 0x00007ffa22106000 	C:\Users\AsangBorkar\.antigravity\extensions\redhat.java-1.51.0-win32-x64\jre\21.0.9-win32-x86_64\bin\nio.dll
0x00007ffa34ae0000 - 0x00007ffa34af0000 	c:\Users\AsangBorkar\.antigravity\extensions\redhat.java-1.51.0-win32-x64\jre\21.0.9-win32-x86_64\bin\verify.dll

JVMTI agents:
c:\Users\AsangBorkar\.antigravity\extensions\redhat.java-1.51.0-win32-x64\lombok\lombok-1.18.39-4050.jar path:c:\Users\AsangBorkar\.antigravity\extensions\redhat.java-1.51.0-win32-x64\jre\21.0.9-win32-x86_64\bin\instrument.dll, loaded, initialized, instrumentlib options:none

dbghelp: loaded successfully - version: 4.0.5 - missing functions: none
symbol engine: initialized successfully - sym options: 0x614 - pdb path: .;c:\Users\AsangBorkar\.antigravity\extensions\redhat.java-1.51.0-win32-x64\jre\21.0.9-win32-x86_64\bin;C:\WINDOWS\SYSTEM32;C:\Windows\System32\SophosED;C:\WINDOWS\WinSxS\amd64_microsoft.windows.common-controls_6595b64144ccf1df_6.0.26100.7309_none_3e05feeae336a044;c:\Users\AsangBorkar\.antigravity\extensions\redhat.java-1.51.0-win32-x64\jre\21.0.9-win32-x86_64\bin\server

VM Arguments:
jvm_args: --add-modules=ALL-SYSTEM --add-opens=java.base/java.util=ALL-UNNAMED --add-opens=java.base/java.lang=ALL-UNNAMED --add-opens=java.base/sun.nio.fs=ALL-UNNAMED -Declipse.application=org.eclipse.jdt.ls.core.id1 -Dosgi.bundles.defaultStartLevel=4 -Declipse.product=org.eclipse.jdt.ls.core.product -Djava.import.generatesMetadataFilesAtProjectRoot=false -DDetectVMInstallationsJob.disabled=true -Dfile.encoding=utf8 -XX:+UseParallelGC -XX:GCTimeRatio=4 -XX:AdaptiveSizePolicyWeight=90 -Dsun.zip.disableMemoryMapping=true -Xmx2G -Xms100m -Xlog:disable -javaagent:c:\Users\AsangBorkar\.antigravity\extensions\redhat.java-1.51.0-win32-x64\lombok\lombok-1.18.39-4050.jar -XX:+HeapDumpOnOutOfMemoryError -XX:HeapDumpPath=c:\Users\AsangBorkar\AppData\Roaming\Antigravity\User\workspaceStorage\cebdc81b27f318f7fd1a9657538b151d\redhat.java -Daether.dependencyCollector.impl=bf 
java_command: c:\Users\AsangBorkar\.antigravity\extensions\redhat.java-1.51.0-win32-x64\server\plugins\org.eclipse.equinox.launcher_1.7.100.v20251111-0406.jar -configuration c:\Users\AsangBorkar\AppData\Roaming\Antigravity\User\globalStorage\redhat.java\1.51.0\config_win -data c:\Users\AsangBorkar\AppData\Roaming\Antigravity\User\workspaceStorage\cebdc81b27f318f7fd1a9657538b151d\redhat.java\jdt_ws --pipe=\\.\pipe\lsp-694dee9bc0df8b960bbc0fcfa7f81b54-sock
java_class_path (initial): c:\Users\AsangBorkar\.antigravity\extensions\redhat.java-1.51.0-win32-x64\server\plugins\org.eclipse.equinox.launcher_1.7.100.v20251111-0406.jar
Launcher Type: SUN_STANDARD

[Global flags]
    uintx AdaptiveSizePolicyWeight                 = 90                                        {product} {command line}
     intx CICompilerCount                          = 4                                         {product} {ergonomic}
    uintx GCTimeRatio                              = 4                                         {product} {command line}
     bool HeapDumpOnOutOfMemoryError               = true                                   {manageable} {command line}
    ccstr HeapDumpPath                             = c:\Users\AsangBorkar\AppData\Roaming\Antigravity\User\workspaceStorage\cebdc81b27f318f7fd1a9657538b151d\redhat.java         {manageable} {command line}
   size_t InitialHeapSize                          = 104857600                                 {product} {command line}
   size_t MaxHeapSize                              = 2147483648                                {product} {command line}
   size_t MaxNewSize                               = 715653120                                 {product} {ergonomic}
   size_t MinHeapDeltaBytes                        = 524288                                    {product} {ergonomic}
   size_t MinHeapSize                              = 104857600                                 {product} {command line}
   size_t NewSize                                  = 34603008                                  {product} {ergonomic}
    uintx NonNMethodCodeHeapSize                   = 5839372                                {pd product} {ergonomic}
    uintx NonProfiledCodeHeapSize                  = 122909434                              {pd product} {ergonomic}
   size_t OldSize                                  = 70254592                                  {product} {ergonomic}
    uintx ProfiledCodeHeapSize                     = 122909434                              {pd product} {ergonomic}
    uintx ReservedCodeCacheSize                    = 251658240                              {pd product} {ergonomic}
     bool SegmentedCodeCache                       = true                                      {product} {ergonomic}
   size_t SoftMaxHeapSize                          = 2147483648                             {manageable} {ergonomic}
     bool UseCompressedOops                        = true                           {product lp64_product} {ergonomic}
     bool UseLargePagesIndividualAllocation        = false                                  {pd product} {ergonomic}
     bool UseParallelGC                            = true                                      {product} {command line}

Logging:
Log output configuration:
 #0: stdout all=off uptime,level,tags foldmultilines=false
 #1: stderr all=off uptime,level,tags foldmultilines=false

Release file:
JAVA_VERSION="21.0.9" 
MODULES="java.base java.compiler java.datatransfer java.xml java.prefs java.desktop java.instrument java.logging java.management java.security.sasl java.naming java.rmi java.management.rmi java.net.http java.scripting java.security.jgss java.transaction.xa java.sql java.sql.rowset java.xml.crypto java.se java.smartcardio jdk.accessibility jdk.internal.jvmstat jdk.attach jdk.charsets jdk.internal.opt jdk.zipfs jdk.compiler jdk.crypto.ec jdk.crypto.cryptoki jdk.crypto.mscapi jdk.dynalink jdk.internal.ed jdk.editpad jdk.hotspot.agent jdk.httpserver jdk.internal.le jdk.internal.vm.ci jdk.internal.vm.compiler jdk.internal.vm.compiler.management jdk.jartool jdk.javadoc jdk.jcmd jdk.management jdk.management.agent jdk.jconsole jdk.jdeps jdk.jdwp.agent jdk.jdi jdk.jfr jdk.jshell jdk.jsobject jdk.jstatd jdk.localedata jdk.management.jfr jdk.naming.dns jdk.naming.rmi jdk.net jdk.nio.mapmode jdk.random jdk.sctp jdk.security.auth jdk.security.jgss jdk.unsupported jdk.unsupported.desktop jdk.xml.dom" 

Environment Variables:
JAVA_HOME=C:\Program Files\Java\jdk-21
PATH=C:\Python313\Scripts\;C:\Python313\;C:\Program Files\Common Files\Oracle\Java\javapath;C:\WINDOWS\system32;C:\WINDOWS;C:\WINDOWS\System32\Wbem;C:\WINDOWS\System32\WindowsPowerShell\v1.0\;C:\WINDOWS\System32\OpenSSH\;C:\Program Files\dotnet\;C:\Program Files\Git\cmd;C:\Program Files\Java\jdk-21\bin;C:\ProgramData\chocolatey\bin;C:\Program Files\nodejs\;C:\Program Files\cursor\resources\app\bin;C:\Users\AsangBorkar\Developer\flutter\bin;C:\Users\AsangBorkar\AppData\Local\Pub\Cache\bin;C:\Users\AsangBorkar\AppData\Local\Microsoft\WindowsApps;C:\Users\AsangBorkar\AppData\Local\Programs\Microsoft VS Code\bin;C:\Users\AsangBorkar\AppData\Roaming\npm;C:\Users\AsangBorkar\AppData\Local\Programs\Antigravity\bin;C:\Users\AsangBorkar\AppData\Local\Programs\cursor\resources\app\bin
USERNAME=AsangBorkar
OS=Windows_NT
PROCESSOR_IDENTIFIER=Intel64 Family 6 Model 142 Stepping 12, GenuineIntel
TMP=C:\Users\ASANGB~1\AppData\Local\Temp
TEMP=C:\Users\ASANGB~1\AppData\Local\Temp




Periodic native trim disabled

---------------  S Y S T E M  ---------------

OS:
 Windows 11 , 64 bit Build 26100 (10.0.26100.7623)
OS uptime: 5 days 0:16 hours
Hyper-V role detected

CPU: total 8 (initial active 8) (4 cores per cpu, 2 threads per core) family 6 model 142 stepping 12 microcode 0x100, cx8, cmov, fxsr, ht, mmx, 3dnowpref, sse, sse2, sse3, ssse3, sse4.1, sse4.2, popcnt, lzcnt, tsc, tscinvbit, avx, avx2, aes, erms, clmul, bmi1, bmi2, adx, fma, vzeroupper, clflush, clflushopt, hv, rdtscp, f16c
Processor Information for the first 8 processors :
  Max Mhz: 2112, Current Mhz: 1609, Mhz Limit: 1605

Memory: 4k page, system-wide physical 24336M (3699M free)
TotalPageFile size 24336M (AvailPageFile size 5M)
current process WorkingSet (physical memory assigned to process): 88M, peak: 91M
current process commit charge ("private bytes"): 245M, peak: 247M

vm_info: OpenJDK 64-Bit Server VM (21.0.9+10-LTS) for windows-amd64 JRE (21.0.9+10-LTS), built on 2025-10-21T00:00:00Z by "admin" with unknown MS VC++:1942

END.
